BUILDING VOCABULARY
Processed 0 tokens.[11G100000 tokens.[11G200000 tokens.[11G300000 tokens.[11G400000 tokens.[11G500000 tokens.[11G600000 tokens.[11G700000 tokens.[11G800000 tokens.[11G900000 tokens.[11G1000000 tokens.[11G1100000 tokens.[11G1200000 tokens.[11G1300000 tokens.[11G1400000 tokens.[11G1500000 tokens.[11G1600000 tokens.[11G1700000 tokens.[11G1800000 tokens.[11G1900000 tokens.[11G2000000 tokens.[11G2100000 tokens.[11G2200000 tokens.[11G2300000 tokens.[11G2400000 tokens.[11G2500000 tokens.[11G2600000 tokens.[11G2700000 tokens.[11G2800000 tokens.[11G2900000 tokens.[11G3000000 tokens.[11G3100000 tokens.[11G3200000 tokens.[11G3300000 tokens.[11G3400000 tokens.[11G3500000 tokens.[11G3600000 tokens.[11G3700000 tokens.[11G3800000 tokens.[11G3900000 tokens.[11G4000000 tokens.[11G4100000 tokens.[11G4200000 tokens.[11G4300000 tokens.[11G4400000 tokens.[11G4500000 tokens.[11G4600000 tokens.[11G4700000 tokens.[11G4800000 tokens.[11G4900000 tokens.[11G5000000 tokens.[11G5100000 tokens.[11G5200000 tokens.[11G5300000 tokens.[11G5400000 tokens.[11G5500000 tokens.[11G5600000 tokens.[11G5700000 tokens.[11G5800000 tokens.[11G5900000 tokens.[11G6000000 tokens.[11G6100000 tokens.[11G6200000 tokens.[11G6300000 tokens.[11G6400000 tokens.[11G6500000 tokens.[11G6600000 tokens.[11G6700000 tokens.[11G6800000 tokens.[11G6900000 tokens.[11G7000000 tokens.[11G7100000 tokens.[11G7200000 tokens.[11G7300000 tokens.[11G7400000 tokens.[11G7500000 tokens.[11G7600000 tokens.[11G7700000 tokens.[11G7800000 tokens.[11G7900000 tokens.[11G8000000 tokens.[11G8100000 tokens.[11G8200000 tokens.[11G8300000 tokens.[11G8400000 tokens.[11G8500000 tokens.[11G8600000 tokens.[11G8700000 tokens.[11G8800000 tokens.[11G8900000 tokens.[11G9000000 tokens.[11G9100000 tokens.[11G9200000 tokens.[11G9300000 tokens.[11G9400000 tokens.[11G9500000 tokens.[11G9600000 tokens.[11G9700000 tokens.[11G9800000 tokens.[11G9900000 tokens.[11G10000000 tokens.[11G10100000 tokens.[0GProcessed 10108811 tokens.
Counted 5255 unique words.
Truncating vocabulary at min count 5.
Using vocabulary of size 3468.

COUNTING COOCCURRENCES
window size: 15
context: symmetric
max product: 13752509
overflow length: 38028356
Reading vocab from file "data/embeddings/5/vocab.txt"...loaded 3468 words.
Building lookup table...table contains 12027025 elements.
Processing token: 0[19G100000[19G200000[19G300000[19G400000[19G500000[19G600000[19G700000[19G800000[19G900000[19G1000000[19G1100000[19G1200000[19G1300000[19G1400000[19G1500000[19G1600000[19G1700000[19G1800000[19G1900000[19G2000000[19G2100000[19G2200000[19G2300000[19G2400000[19G2500000[19G2600000[19G2700000[19G2800000[19G2900000[19G3000000[19G3100000[19G3200000[19G3300000[19G3400000[19G3500000[19G3600000[19G3700000[19G3800000[19G3900000[19G4000000[19G4100000[19G4200000[19G4300000[19G4400000[19G4500000[19G4600000[19G4700000[19G4800000[19G4900000[19G5000000[19G5100000[19G5200000[19G5300000[19G5400000[19G5500000[19G5600000[19G5700000[19G5800000[19G5900000[19G6000000[19G6100000[19G6200000[19G6300000[19G6400000[19G6500000[19G6600000[19G6700000[19G6800000[19G6900000[19G7000000[19G7100000[19G7200000[19G7300000[19G7400000[19G7500000[19G7600000[19G7700000[19G7800000[19G7900000[19G8000000[19G8100000[19G8200000[19G8300000[19G8400000[19G8500000[19G8600000[19G8700000[19G8800000[19G8900000[19G9000000[19G9100000[19G9200000[19G9300000[19G9400000[19G9500000[19G9600000[19G9700000[19G9800000[19G9900000[19G10000000[19G10100000[0GProcessed 10108810 tokens.
Writing cooccurrences to disk.......2 files in total.
Merging cooccurrence files: processed 0 lines.[39G0 lines.[39G100000 lines.[39G200000 lines.[39G300000 lines.[39G400000 lines.[39G500000 lines.[39G600000 lines.[39G700000 lines.[39G800000 lines.[39G900000 lines.[39G1000000 lines.[39G1100000 lines.[39G1200000 lines.[39G1300000 lines.[39G1400000 lines.[39G1500000 lines.[39G1600000 lines.[39G1700000 lines.[39G1800000 lines.[39G1900000 lines.[39G2000000 lines.[39G2100000 lines.[39G2200000 lines.[39G2300000 lines.[39G2400000 lines.[39G2500000 lines.[39G2600000 lines.[39G2700000 lines.[39G2800000 lines.[39G2900000 lines.[39G3000000 lines.[39G3100000 lines.[0GMerging cooccurrence files: processed 3189862 lines.

SHUFFLING COOCCURRENCES
array size: 255013683
Shuffling by chunks: processed 0 lines.[22Gprocessed 3189862 lines.
Wrote 1 temporary file(s).
Merging temp files: processed 0 lines.[31G3189862 lines.[0GMerging temp files: processed 3189862 lines.

TRAINING MODEL
Read 3189862 lines.
Initializing parameters...done.
vector size: 10
vocab size: 3468
x_max: 10.000000
alpha: 0.750000
01/26/17 - 01:11.17PM, iter: 001, cost: 0.143256
01/26/17 - 01:11.18PM, iter: 002, cost: 0.079837
01/26/17 - 01:11.18PM, iter: 003, cost: 0.072398
01/26/17 - 01:11.18PM, iter: 004, cost: 0.070397
01/26/17 - 01:11.18PM, iter: 005, cost: 0.069376
01/26/17 - 01:11.18PM, iter: 006, cost: 0.068703
01/26/17 - 01:11.18PM, iter: 007, cost: 0.068217
01/26/17 - 01:11.18PM, iter: 008, cost: 0.067835
01/26/17 - 01:11.18PM, iter: 009, cost: 0.067533
01/26/17 - 01:11.19PM, iter: 010, cost: 0.067272
01/26/17 - 01:11.19PM, iter: 011, cost: 0.067059
01/26/17 - 01:11.19PM, iter: 012, cost: 0.066869
01/26/17 - 01:11.19PM, iter: 013, cost: 0.066688
01/26/17 - 01:11.19PM, iter: 014, cost: 0.066545
01/26/17 - 01:11.19PM, iter: 015, cost: 0.066412
01/26/17 - 01:11.19PM, iter: 016, cost: 0.066280
01/26/17 - 01:11.20PM, iter: 017, cost: 0.066179
01/26/17 - 01:11.20PM, iter: 018, cost: 0.066070
01/26/17 - 01:11.20PM, iter: 019, cost: 0.065984
01/26/17 - 01:11.20PM, iter: 020, cost: 0.065894
01/26/17 - 01:11.20PM, iter: 021, cost: 0.065810
01/26/17 - 01:11.20PM, iter: 022, cost: 0.065724
01/26/17 - 01:11.20PM, iter: 023, cost: 0.065651
01/26/17 - 01:11.20PM, iter: 024, cost: 0.065583
01/26/17 - 01:11.21PM, iter: 025, cost: 0.065508
01/26/17 - 01:11.21PM, iter: 026, cost: 0.065447
01/26/17 - 01:11.21PM, iter: 027, cost: 0.065381
01/26/17 - 01:11.21PM, iter: 028, cost: 0.065324
01/26/17 - 01:11.21PM, iter: 029, cost: 0.065268
01/26/17 - 01:11.21PM, iter: 030, cost: 0.065206
01/26/17 - 01:11.21PM, iter: 031, cost: 0.065155
01/26/17 - 01:11.21PM, iter: 032, cost: 0.065107
01/26/17 - 01:11.22PM, iter: 033, cost: 0.065060
01/26/17 - 01:11.22PM, iter: 034, cost: 0.065007
01/26/17 - 01:11.22PM, iter: 035, cost: 0.064972
01/26/17 - 01:11.22PM, iter: 036, cost: 0.064920
01/26/17 - 01:11.22PM, iter: 037, cost: 0.064874
01/26/17 - 01:11.22PM, iter: 038, cost: 0.064830
01/26/17 - 01:11.22PM, iter: 039, cost: 0.064796
01/26/17 - 01:11.23PM, iter: 040, cost: 0.064765
01/26/17 - 01:11.23PM, iter: 041, cost: 0.064725
01/26/17 - 01:11.23PM, iter: 042, cost: 0.064690
01/26/17 - 01:11.23PM, iter: 043, cost: 0.064652
01/26/17 - 01:11.23PM, iter: 044, cost: 0.064628
01/26/17 - 01:11.23PM, iter: 045, cost: 0.064605
01/26/17 - 01:11.23PM, iter: 046, cost: 0.064562
01/26/17 - 01:11.23PM, iter: 047, cost: 0.064539
01/26/17 - 01:11.24PM, iter: 048, cost: 0.064507
01/26/17 - 01:11.24PM, iter: 049, cost: 0.064481
01/26/17 - 01:11.24PM, iter: 050, cost: 0.064459
01/26/17 - 01:11.24PM, iter: 051, cost: 0.064434
01/26/17 - 01:11.24PM, iter: 052, cost: 0.064407
01/26/17 - 01:11.24PM, iter: 053, cost: 0.064387
01/26/17 - 01:11.24PM, iter: 054, cost: 0.064357
01/26/17 - 01:11.24PM, iter: 055, cost: 0.064338
01/26/17 - 01:11.25PM, iter: 056, cost: 0.064320
01/26/17 - 01:11.25PM, iter: 057, cost: 0.064297
01/26/17 - 01:11.25PM, iter: 058, cost: 0.064274
01/26/17 - 01:11.25PM, iter: 059, cost: 0.064256
01/26/17 - 01:11.25PM, iter: 060, cost: 0.064235
01/26/17 - 01:11.25PM, iter: 061, cost: 0.064215
01/26/17 - 01:11.25PM, iter: 062, cost: 0.064194
01/26/17 - 01:11.26PM, iter: 063, cost: 0.064178
01/26/17 - 01:11.26PM, iter: 064, cost: 0.064160
01/26/17 - 01:11.26PM, iter: 065, cost: 0.064145
01/26/17 - 01:11.26PM, iter: 066, cost: 0.064130
01/26/17 - 01:11.26PM, iter: 067, cost: 0.064111
01/26/17 - 01:11.26PM, iter: 068, cost: 0.064099
01/26/17 - 01:11.26PM, iter: 069, cost: 0.064076
01/26/17 - 01:11.27PM, iter: 070, cost: 0.064063
01/26/17 - 01:11.27PM, iter: 071, cost: 0.064052
01/26/17 - 01:11.27PM, iter: 072, cost: 0.064038
01/26/17 - 01:11.27PM, iter: 073, cost: 0.064021
01/26/17 - 01:11.27PM, iter: 074, cost: 0.064011
01/26/17 - 01:11.27PM, iter: 075, cost: 0.063997
01/26/17 - 01:11.27PM, iter: 076, cost: 0.063975
01/26/17 - 01:11.28PM, iter: 077, cost: 0.063965
01/26/17 - 01:11.28PM, iter: 078, cost: 0.063955
01/26/17 - 01:11.28PM, iter: 079, cost: 0.063941
01/26/17 - 01:11.28PM, iter: 080, cost: 0.063929
01/26/17 - 01:11.28PM, iter: 081, cost: 0.063917
01/26/17 - 01:11.28PM, iter: 082, cost: 0.063906
01/26/17 - 01:11.28PM, iter: 083, cost: 0.063892
01/26/17 - 01:11.29PM, iter: 084, cost: 0.063881
01/26/17 - 01:11.29PM, iter: 085, cost: 0.063869
01/26/17 - 01:11.29PM, iter: 086, cost: 0.063859
01/26/17 - 01:11.29PM, iter: 087, cost: 0.063847
01/26/17 - 01:11.29PM, iter: 088, cost: 0.063838
01/26/17 - 01:11.29PM, iter: 089, cost: 0.063827
01/26/17 - 01:11.29PM, iter: 090, cost: 0.063813
01/26/17 - 01:11.30PM, iter: 091, cost: 0.063803
01/26/17 - 01:11.30PM, iter: 092, cost: 0.063793
01/26/17 - 01:11.30PM, iter: 093, cost: 0.063787
01/26/17 - 01:11.30PM, iter: 094, cost: 0.063774
01/26/17 - 01:11.30PM, iter: 095, cost: 0.063764
01/26/17 - 01:11.30PM, iter: 096, cost: 0.063755
01/26/17 - 01:11.30PM, iter: 097, cost: 0.063747
01/26/17 - 01:11.30PM, iter: 098, cost: 0.063738
01/26/17 - 01:11.31PM, iter: 099, cost: 0.063727
01/26/17 - 01:11.31PM, iter: 100, cost: 0.063716
01/26/17 - 01:11.31PM, iter: 101, cost: 0.063709
01/26/17 - 01:11.31PM, iter: 102, cost: 0.063700
01/26/17 - 01:11.31PM, iter: 103, cost: 0.063692
01/26/17 - 01:11.31PM, iter: 104, cost: 0.063680
01/26/17 - 01:11.31PM, iter: 105, cost: 0.063671
01/26/17 - 01:11.31PM, iter: 106, cost: 0.063665
01/26/17 - 01:11.32PM, iter: 107, cost: 0.063653
01/26/17 - 01:11.32PM, iter: 108, cost: 0.063649
01/26/17 - 01:11.32PM, iter: 109, cost: 0.063642
01/26/17 - 01:11.32PM, iter: 110, cost: 0.063630
01/26/17 - 01:11.32PM, iter: 111, cost: 0.063622
01/26/17 - 01:11.32PM, iter: 112, cost: 0.063617
01/26/17 - 01:11.32PM, iter: 113, cost: 0.063608
01/26/17 - 01:11.33PM, iter: 114, cost: 0.063598
01/26/17 - 01:11.33PM, iter: 115, cost: 0.063592
01/26/17 - 01:11.33PM, iter: 116, cost: 0.063586
01/26/17 - 01:11.33PM, iter: 117, cost: 0.063580
01/26/17 - 01:11.33PM, iter: 118, cost: 0.063572
01/26/17 - 01:11.33PM, iter: 119, cost: 0.063565
01/26/17 - 01:11.33PM, iter: 120, cost: 0.063558
01/26/17 - 01:11.33PM, iter: 121, cost: 0.063552
01/26/17 - 01:11.34PM, iter: 122, cost: 0.063542
01/26/17 - 01:11.34PM, iter: 123, cost: 0.063537
01/26/17 - 01:11.34PM, iter: 124, cost: 0.063532
01/26/17 - 01:11.34PM, iter: 125, cost: 0.063526
01/26/17 - 01:11.34PM, iter: 126, cost: 0.063519
01/26/17 - 01:11.34PM, iter: 127, cost: 0.063513
01/26/17 - 01:11.34PM, iter: 128, cost: 0.063505
01/26/17 - 01:11.35PM, iter: 129, cost: 0.063500
01/26/17 - 01:11.35PM, iter: 130, cost: 0.063492
01/26/17 - 01:11.35PM, iter: 131, cost: 0.063486
01/26/17 - 01:11.35PM, iter: 132, cost: 0.063479
01/26/17 - 01:11.35PM, iter: 133, cost: 0.063473
01/26/17 - 01:11.35PM, iter: 134, cost: 0.063468
01/26/17 - 01:11.35PM, iter: 135, cost: 0.063462
01/26/17 - 01:11.36PM, iter: 136, cost: 0.063453
01/26/17 - 01:11.36PM, iter: 137, cost: 0.063446
01/26/17 - 01:11.36PM, iter: 138, cost: 0.063440
01/26/17 - 01:11.36PM, iter: 139, cost: 0.063438
01/26/17 - 01:11.36PM, iter: 140, cost: 0.063430
01/26/17 - 01:11.36PM, iter: 141, cost: 0.063425
01/26/17 - 01:11.37PM, iter: 142, cost: 0.063422
01/26/17 - 01:11.37PM, iter: 143, cost: 0.063415
01/26/17 - 01:11.37PM, iter: 144, cost: 0.063409
01/26/17 - 01:11.37PM, iter: 145, cost: 0.063405
01/26/17 - 01:11.37PM, iter: 146, cost: 0.063400
01/26/17 - 01:11.37PM, iter: 147, cost: 0.063393
01/26/17 - 01:11.37PM, iter: 148, cost: 0.063387
01/26/17 - 01:11.38PM, iter: 149, cost: 0.063383
01/26/17 - 01:11.38PM, iter: 150, cost: 0.063379
01/26/17 - 01:11.38PM, iter: 151, cost: 0.063365
01/26/17 - 01:11.38PM, iter: 152, cost: 0.063365
01/26/17 - 01:11.38PM, iter: 153, cost: 0.063353
01/26/17 - 01:11.38PM, iter: 154, cost: 0.063353
01/26/17 - 01:11.38PM, iter: 155, cost: 0.063352
01/26/17 - 01:11.39PM, iter: 156, cost: 0.063345
01/26/17 - 01:11.39PM, iter: 157, cost: 0.063339
01/26/17 - 01:11.39PM, iter: 158, cost: 0.063336
01/26/17 - 01:11.39PM, iter: 159, cost: 0.063329
01/26/17 - 01:11.39PM, iter: 160, cost: 0.063322
01/26/17 - 01:11.39PM, iter: 161, cost: 0.063318
01/26/17 - 01:11.39PM, iter: 162, cost: 0.063313
01/26/17 - 01:11.39PM, iter: 163, cost: 0.063311
01/26/17 - 01:11.40PM, iter: 164, cost: 0.063306
01/26/17 - 01:11.40PM, iter: 165, cost: 0.063303
01/26/17 - 01:11.40PM, iter: 166, cost: 0.063298
01/26/17 - 01:11.40PM, iter: 167, cost: 0.063293
01/26/17 - 01:11.40PM, iter: 168, cost: 0.063292
01/26/17 - 01:11.40PM, iter: 169, cost: 0.063288
01/26/17 - 01:11.40PM, iter: 170, cost: 0.063282
01/26/17 - 01:11.40PM, iter: 171, cost: 0.063275
01/26/17 - 01:11.41PM, iter: 172, cost: 0.063273
01/26/17 - 01:11.41PM, iter: 173, cost: 0.063267
01/26/17 - 01:11.41PM, iter: 174, cost: 0.063263
01/26/17 - 01:11.41PM, iter: 175, cost: 0.063261
01/26/17 - 01:11.41PM, iter: 176, cost: 0.063255
01/26/17 - 01:11.41PM, iter: 177, cost: 0.063251
01/26/17 - 01:11.41PM, iter: 178, cost: 0.063249
01/26/17 - 01:11.42PM, iter: 179, cost: 0.063246
01/26/17 - 01:11.42PM, iter: 180, cost: 0.063240
01/26/17 - 01:11.42PM, iter: 181, cost: 0.063236
01/26/17 - 01:11.42PM, iter: 182, cost: 0.063229
01/26/17 - 01:11.42PM, iter: 183, cost: 0.063227
01/26/17 - 01:11.42PM, iter: 184, cost: 0.063225
01/26/17 - 01:11.42PM, iter: 185, cost: 0.063222
01/26/17 - 01:11.43PM, iter: 186, cost: 0.063216
01/26/17 - 01:11.43PM, iter: 187, cost: 0.063213
01/26/17 - 01:11.43PM, iter: 188, cost: 0.063210
01/26/17 - 01:11.43PM, iter: 189, cost: 0.063198
01/26/17 - 01:11.43PM, iter: 190, cost: 0.063200
01/26/17 - 01:11.43PM, iter: 191, cost: 0.063196
01/26/17 - 01:11.43PM, iter: 192, cost: 0.063194
01/26/17 - 01:11.44PM, iter: 193, cost: 0.063191
01/26/17 - 01:11.44PM, iter: 194, cost: 0.063185
01/26/17 - 01:11.44PM, iter: 195, cost: 0.063182
01/26/17 - 01:11.44PM, iter: 196, cost: 0.063178
01/26/17 - 01:11.44PM, iter: 197, cost: 0.063176
01/26/17 - 01:11.44PM, iter: 198, cost: 0.063173
01/26/17 - 01:11.44PM, iter: 199, cost: 0.063169
01/26/17 - 01:11.45PM, iter: 200, cost: 0.063166
TRAINING MODEL
Read 3189862 lines.
Initializing parameters...done.
vector size: 25
vocab size: 3468
x_max: 10.000000
alpha: 0.750000
01/26/17 - 01:11.45PM, iter: 001, cost: 0.146065
01/26/17 - 01:11.45PM, iter: 002, cost: 0.077642
01/26/17 - 01:11.45PM, iter: 003, cost: 0.064979
01/26/17 - 01:11.45PM, iter: 004, cost: 0.060227
01/26/17 - 01:11.46PM, iter: 005, cost: 0.058314
01/26/17 - 01:11.46PM, iter: 006, cost: 0.057264
01/26/17 - 01:11.46PM, iter: 007, cost: 0.056565
01/26/17 - 01:11.46PM, iter: 008, cost: 0.056035
01/26/17 - 01:11.46PM, iter: 009, cost: 0.055642
01/26/17 - 01:11.46PM, iter: 010, cost: 0.055305
01/26/17 - 01:11.47PM, iter: 011, cost: 0.055036
01/26/17 - 01:11.47PM, iter: 012, cost: 0.054798
01/26/17 - 01:11.47PM, iter: 013, cost: 0.054597
01/26/17 - 01:11.47PM, iter: 014, cost: 0.054406
01/26/17 - 01:11.47PM, iter: 015, cost: 0.054243
01/26/17 - 01:11.47PM, iter: 016, cost: 0.054094
01/26/17 - 01:11.48PM, iter: 017, cost: 0.053956
01/26/17 - 01:11.48PM, iter: 018, cost: 0.053824
01/26/17 - 01:11.48PM, iter: 019, cost: 0.053704
01/26/17 - 01:11.48PM, iter: 020, cost: 0.053589
01/26/17 - 01:11.48PM, iter: 021, cost: 0.053491
01/26/17 - 01:11.48PM, iter: 022, cost: 0.053396
01/26/17 - 01:11.49PM, iter: 023, cost: 0.053302
01/26/17 - 01:11.49PM, iter: 024, cost: 0.053223
01/26/17 - 01:11.49PM, iter: 025, cost: 0.053138
01/26/17 - 01:11.49PM, iter: 026, cost: 0.053066
01/26/17 - 01:11.49PM, iter: 027, cost: 0.052990
01/26/17 - 01:11.49PM, iter: 028, cost: 0.052924
01/26/17 - 01:11.50PM, iter: 029, cost: 0.052861
01/26/17 - 01:11.50PM, iter: 030, cost: 0.052791
01/26/17 - 01:11.50PM, iter: 031, cost: 0.052729
01/26/17 - 01:11.50PM, iter: 032, cost: 0.052675
01/26/17 - 01:11.50PM, iter: 033, cost: 0.052609
01/26/17 - 01:11.51PM, iter: 034, cost: 0.052551
01/26/17 - 01:11.51PM, iter: 035, cost: 0.052504
01/26/17 - 01:11.51PM, iter: 036, cost: 0.052459
01/26/17 - 01:11.51PM, iter: 037, cost: 0.052415
01/26/17 - 01:11.51PM, iter: 038, cost: 0.052377
01/26/17 - 01:11.52PM, iter: 039, cost: 0.052325
01/26/17 - 01:11.52PM, iter: 040, cost: 0.052288
01/26/17 - 01:11.52PM, iter: 041, cost: 0.052245
01/26/17 - 01:11.52PM, iter: 042, cost: 0.052208
01/26/17 - 01:11.52PM, iter: 043, cost: 0.052158
01/26/17 - 01:11.53PM, iter: 044, cost: 0.052122
01/26/17 - 01:11.53PM, iter: 045, cost: 0.052095
01/26/17 - 01:11.53PM, iter: 046, cost: 0.052054
01/26/17 - 01:11.53PM, iter: 047, cost: 0.052018
01/26/17 - 01:11.53PM, iter: 048, cost: 0.051981
01/26/17 - 01:11.54PM, iter: 049, cost: 0.051949
01/26/17 - 01:11.54PM, iter: 050, cost: 0.051921
01/26/17 - 01:11.54PM, iter: 051, cost: 0.051891
01/26/17 - 01:11.54PM, iter: 052, cost: 0.051863
01/26/17 - 01:11.54PM, iter: 053, cost: 0.051837
01/26/17 - 01:11.54PM, iter: 054, cost: 0.051800
01/26/17 - 01:11.55PM, iter: 055, cost: 0.051773
01/26/17 - 01:11.55PM, iter: 056, cost: 0.051749
01/26/17 - 01:11.55PM, iter: 057, cost: 0.051719
01/26/17 - 01:11.55PM, iter: 058, cost: 0.051698
01/26/17 - 01:11.55PM, iter: 059, cost: 0.051669
01/26/17 - 01:11.55PM, iter: 060, cost: 0.051635
01/26/17 - 01:11.56PM, iter: 061, cost: 0.051619
01/26/17 - 01:11.56PM, iter: 062, cost: 0.051594
01/26/17 - 01:11.56PM, iter: 063, cost: 0.051575
01/26/17 - 01:11.56PM, iter: 064, cost: 0.051546
01/26/17 - 01:11.56PM, iter: 065, cost: 0.051528
01/26/17 - 01:11.56PM, iter: 066, cost: 0.051497
01/26/17 - 01:11.57PM, iter: 067, cost: 0.051475
01/26/17 - 01:11.57PM, iter: 068, cost: 0.051461
01/26/17 - 01:11.57PM, iter: 069, cost: 0.051442
01/26/17 - 01:11.57PM, iter: 070, cost: 0.051424
01/26/17 - 01:11.57PM, iter: 071, cost: 0.051393
01/26/17 - 01:11.58PM, iter: 072, cost: 0.051360
01/26/17 - 01:11.58PM, iter: 073, cost: 0.051341
01/26/17 - 01:11.58PM, iter: 074, cost: 0.051339
01/26/17 - 01:11.58PM, iter: 075, cost: 0.051320
01/26/17 - 01:11.58PM, iter: 076, cost: 0.051301
01/26/17 - 01:11.59PM, iter: 077, cost: 0.051287
01/26/17 - 01:11.59PM, iter: 078, cost: 0.051265
01/26/17 - 01:11.59PM, iter: 079, cost: 0.051250
01/26/17 - 01:11.59PM, iter: 080, cost: 0.051236
01/26/17 - 01:11.59PM, iter: 081, cost: 0.051221
01/26/17 - 01:12.00PM, iter: 082, cost: 0.051205
01/26/17 - 01:12.00PM, iter: 083, cost: 0.051177
01/26/17 - 01:12.00PM, iter: 084, cost: 0.051163
01/26/17 - 01:12.00PM, iter: 085, cost: 0.051151
01/26/17 - 01:12.00PM, iter: 086, cost: 0.051137
01/26/17 - 01:12.01PM, iter: 087, cost: 0.051110
01/26/17 - 01:12.01PM, iter: 088, cost: 0.051106
01/26/17 - 01:12.01PM, iter: 089, cost: 0.051093
01/26/17 - 01:12.01PM, iter: 090, cost: 0.051081
01/26/17 - 01:12.01PM, iter: 091, cost: 0.051064
01/26/17 - 01:12.01PM, iter: 092, cost: 0.051053
01/26/17 - 01:12.02PM, iter: 093, cost: 0.051043
01/26/17 - 01:12.02PM, iter: 094, cost: 0.051026
01/26/17 - 01:12.02PM, iter: 095, cost: 0.051017
01/26/17 - 01:12.02PM, iter: 096, cost: 0.050992
01/26/17 - 01:12.02PM, iter: 097, cost: 0.050983
01/26/17 - 01:12.03PM, iter: 098, cost: 0.050971
01/26/17 - 01:12.03PM, iter: 099, cost: 0.050958
01/26/17 - 01:12.03PM, iter: 100, cost: 0.050937
01/26/17 - 01:12.03PM, iter: 101, cost: 0.050932
01/26/17 - 01:12.03PM, iter: 102, cost: 0.050921
01/26/17 - 01:12.03PM, iter: 103, cost: 0.050914
01/26/17 - 01:12.04PM, iter: 104, cost: 0.050899
01/26/17 - 01:12.04PM, iter: 105, cost: 0.050882
01/26/17 - 01:12.04PM, iter: 106, cost: 0.050866
01/26/17 - 01:12.04PM, iter: 107, cost: 0.050858
01/26/17 - 01:12.04PM, iter: 108, cost: 0.050846
01/26/17 - 01:12.04PM, iter: 109, cost: 0.050840
01/26/17 - 01:12.05PM, iter: 110, cost: 0.050833
01/26/17 - 01:12.05PM, iter: 111, cost: 0.050818
01/26/17 - 01:12.05PM, iter: 112, cost: 0.050808
01/26/17 - 01:12.05PM, iter: 113, cost: 0.050799
01/26/17 - 01:12.05PM, iter: 114, cost: 0.050789
01/26/17 - 01:12.06PM, iter: 115, cost: 0.050782
01/26/17 - 01:12.06PM, iter: 116, cost: 0.050764
01/26/17 - 01:12.06PM, iter: 117, cost: 0.050756
01/26/17 - 01:12.06PM, iter: 118, cost: 0.050747
01/26/17 - 01:12.06PM, iter: 119, cost: 0.050737
01/26/17 - 01:12.06PM, iter: 120, cost: 0.050730
01/26/17 - 01:12.07PM, iter: 121, cost: 0.050719
01/26/17 - 01:12.07PM, iter: 122, cost: 0.050711
01/26/17 - 01:12.07PM, iter: 123, cost: 0.050701
01/26/17 - 01:12.07PM, iter: 124, cost: 0.050692
01/26/17 - 01:12.07PM, iter: 125, cost: 0.050683
01/26/17 - 01:12.08PM, iter: 126, cost: 0.050671
01/26/17 - 01:12.08PM, iter: 127, cost: 0.050663
01/26/17 - 01:12.08PM, iter: 128, cost: 0.050650
01/26/17 - 01:12.08PM, iter: 129, cost: 0.050643
01/26/17 - 01:12.08PM, iter: 130, cost: 0.050635
01/26/17 - 01:12.09PM, iter: 131, cost: 0.050627
01/26/17 - 01:12.09PM, iter: 132, cost: 0.050618
01/26/17 - 01:12.09PM, iter: 133, cost: 0.050609
01/26/17 - 01:12.09PM, iter: 134, cost: 0.050596
01/26/17 - 01:12.09PM, iter: 135, cost: 0.050586
01/26/17 - 01:12.09PM, iter: 136, cost: 0.050581
01/26/17 - 01:12.10PM, iter: 137, cost: 0.050570
01/26/17 - 01:12.10PM, iter: 138, cost: 0.050561
01/26/17 - 01:12.10PM, iter: 139, cost: 0.050556
01/26/17 - 01:12.10PM, iter: 140, cost: 0.050551
01/26/17 - 01:12.10PM, iter: 141, cost: 0.050545
01/26/17 - 01:12.10PM, iter: 142, cost: 0.050539
01/26/17 - 01:12.11PM, iter: 143, cost: 0.050526
01/26/17 - 01:12.11PM, iter: 144, cost: 0.050523
01/26/17 - 01:12.11PM, iter: 145, cost: 0.050512
01/26/17 - 01:12.11PM, iter: 146, cost: 0.050507
01/26/17 - 01:12.11PM, iter: 147, cost: 0.050496
01/26/17 - 01:12.11PM, iter: 148, cost: 0.050490
01/26/17 - 01:12.12PM, iter: 149, cost: 0.050487
01/26/17 - 01:12.12PM, iter: 150, cost: 0.050474
01/26/17 - 01:12.12PM, iter: 151, cost: 0.050465
01/26/17 - 01:12.12PM, iter: 152, cost: 0.050455
01/26/17 - 01:12.12PM, iter: 153, cost: 0.050449
01/26/17 - 01:12.13PM, iter: 154, cost: 0.050443
01/26/17 - 01:12.13PM, iter: 155, cost: 0.050436
01/26/17 - 01:12.13PM, iter: 156, cost: 0.050431
01/26/17 - 01:12.13PM, iter: 157, cost: 0.050424
01/26/17 - 01:12.13PM, iter: 158, cost: 0.050420
01/26/17 - 01:12.13PM, iter: 159, cost: 0.050412
01/26/17 - 01:12.14PM, iter: 160, cost: 0.050402
01/26/17 - 01:12.14PM, iter: 161, cost: 0.050397
01/26/17 - 01:12.14PM, iter: 162, cost: 0.050387
01/26/17 - 01:12.14PM, iter: 163, cost: 0.050383
01/26/17 - 01:12.14PM, iter: 164, cost: 0.050375
01/26/17 - 01:12.15PM, iter: 165, cost: 0.050368
01/26/17 - 01:12.15PM, iter: 166, cost: 0.050364
01/26/17 - 01:12.15PM, iter: 167, cost: 0.050359
01/26/17 - 01:12.15PM, iter: 168, cost: 0.050353
01/26/17 - 01:12.15PM, iter: 169, cost: 0.050344
01/26/17 - 01:12.15PM, iter: 170, cost: 0.050340
01/26/17 - 01:12.16PM, iter: 171, cost: 0.050336
01/26/17 - 01:12.16PM, iter: 172, cost: 0.050330
01/26/17 - 01:12.16PM, iter: 173, cost: 0.050324
01/26/17 - 01:12.16PM, iter: 174, cost: 0.050315
01/26/17 - 01:12.16PM, iter: 175, cost: 0.050309
01/26/17 - 01:12.17PM, iter: 176, cost: 0.050302
01/26/17 - 01:12.17PM, iter: 177, cost: 0.050293
01/26/17 - 01:12.17PM, iter: 178, cost: 0.050288
01/26/17 - 01:12.17PM, iter: 179, cost: 0.050276
01/26/17 - 01:12.17PM, iter: 180, cost: 0.050277
01/26/17 - 01:12.18PM, iter: 181, cost: 0.050275
01/26/17 - 01:12.18PM, iter: 182, cost: 0.050270
01/26/17 - 01:12.18PM, iter: 183, cost: 0.050264
01/26/17 - 01:12.18PM, iter: 184, cost: 0.050259
01/26/17 - 01:12.18PM, iter: 185, cost: 0.050249
01/26/17 - 01:12.18PM, iter: 186, cost: 0.050246
01/26/17 - 01:12.19PM, iter: 187, cost: 0.050237
01/26/17 - 01:12.19PM, iter: 188, cost: 0.050234
01/26/17 - 01:12.19PM, iter: 189, cost: 0.050229
01/26/17 - 01:12.19PM, iter: 190, cost: 0.050226
01/26/17 - 01:12.19PM, iter: 191, cost: 0.050216
01/26/17 - 01:12.19PM, iter: 192, cost: 0.050213
01/26/17 - 01:12.20PM, iter: 193, cost: 0.050210
01/26/17 - 01:12.20PM, iter: 194, cost: 0.050206
01/26/17 - 01:12.20PM, iter: 195, cost: 0.050200
01/26/17 - 01:12.20PM, iter: 196, cost: 0.050197
01/26/17 - 01:12.20PM, iter: 197, cost: 0.050190
01/26/17 - 01:12.20PM, iter: 198, cost: 0.050187
01/26/17 - 01:12.21PM, iter: 199, cost: 0.050182
01/26/17 - 01:12.21PM, iter: 200, cost: 0.050178
TRAINING MODEL
Read 3189862 lines.
Initializing parameters...done.
vector size: 50
vocab size: 3468
x_max: 10.000000
alpha: 0.750000
01/26/17 - 01:12.21PM, iter: 001, cost: 0.147936
01/26/17 - 01:12.21PM, iter: 002, cost: 0.078870
01/26/17 - 01:12.22PM, iter: 003, cost: 0.064029
01/26/17 - 01:12.22PM, iter: 004, cost: 0.055183
01/26/17 - 01:12.22PM, iter: 005, cost: 0.050991
01/26/17 - 01:12.22PM, iter: 006, cost: 0.049166
01/26/17 - 01:12.22PM, iter: 007, cost: 0.048138
01/26/17 - 01:12.23PM, iter: 008, cost: 0.047415
01/26/17 - 01:12.23PM, iter: 009, cost: 0.046886
01/26/17 - 01:12.23PM, iter: 010, cost: 0.046477
01/26/17 - 01:12.23PM, iter: 011, cost: 0.046158
01/26/17 - 01:12.24PM, iter: 012, cost: 0.045856
01/26/17 - 01:12.24PM, iter: 013, cost: 0.045620
01/26/17 - 01:12.24PM, iter: 014, cost: 0.045396
01/26/17 - 01:12.24PM, iter: 015, cost: 0.045214
01/26/17 - 01:12.25PM, iter: 016, cost: 0.045039
01/26/17 - 01:12.25PM, iter: 017, cost: 0.044890
01/26/17 - 01:12.25PM, iter: 018, cost: 0.044748
01/26/17 - 01:12.25PM, iter: 019, cost: 0.044604
01/26/17 - 01:12.26PM, iter: 020, cost: 0.044486
01/26/17 - 01:12.26PM, iter: 021, cost: 0.044381
01/26/17 - 01:12.26PM, iter: 022, cost: 0.044259
01/26/17 - 01:12.26PM, iter: 023, cost: 0.044168
01/26/17 - 01:12.27PM, iter: 024, cost: 0.044061
01/26/17 - 01:12.27PM, iter: 025, cost: 0.043970
01/26/17 - 01:12.27PM, iter: 026, cost: 0.043891
01/26/17 - 01:12.27PM, iter: 027, cost: 0.043817
01/26/17 - 01:12.28PM, iter: 028, cost: 0.043735
01/26/17 - 01:12.28PM, iter: 029, cost: 0.043660
01/26/17 - 01:12.28PM, iter: 030, cost: 0.043600
01/26/17 - 01:12.28PM, iter: 031, cost: 0.043533
01/26/17 - 01:12.29PM, iter: 032, cost: 0.043473
01/26/17 - 01:12.29PM, iter: 033, cost: 0.043401
01/26/17 - 01:12.29PM, iter: 034, cost: 0.043333
01/26/17 - 01:12.29PM, iter: 035, cost: 0.043273
01/26/17 - 01:12.30PM, iter: 036, cost: 0.043225
01/26/17 - 01:12.30PM, iter: 037, cost: 0.043172
01/26/17 - 01:12.30PM, iter: 038, cost: 0.043117
01/26/17 - 01:12.30PM, iter: 039, cost: 0.043072
01/26/17 - 01:12.31PM, iter: 040, cost: 0.043027
01/26/17 - 01:12.31PM, iter: 041, cost: 0.042989
01/26/17 - 01:12.31PM, iter: 042, cost: 0.042923
01/26/17 - 01:12.31PM, iter: 043, cost: 0.042882
01/26/17 - 01:12.31PM, iter: 044, cost: 0.042841
01/26/17 - 01:12.32PM, iter: 045, cost: 0.042799
01/26/17 - 01:12.32PM, iter: 046, cost: 0.042764
01/26/17 - 01:12.32PM, iter: 047, cost: 0.042725
01/26/17 - 01:12.32PM, iter: 048, cost: 0.042691
01/26/17 - 01:12.33PM, iter: 049, cost: 0.042657
01/26/17 - 01:12.33PM, iter: 050, cost: 0.042621
01/26/17 - 01:12.33PM, iter: 051, cost: 0.042576
01/26/17 - 01:12.33PM, iter: 052, cost: 0.042541
01/26/17 - 01:12.34PM, iter: 053, cost: 0.042507
01/26/17 - 01:12.34PM, iter: 054, cost: 0.042482
01/26/17 - 01:12.34PM, iter: 055, cost: 0.042444
01/26/17 - 01:12.34PM, iter: 056, cost: 0.042414
01/26/17 - 01:12.35PM, iter: 057, cost: 0.042372
01/26/17 - 01:12.35PM, iter: 058, cost: 0.042347
01/26/17 - 01:12.35PM, iter: 059, cost: 0.042323
01/26/17 - 01:12.35PM, iter: 060, cost: 0.042284
01/26/17 - 01:12.35PM, iter: 061, cost: 0.042265
01/26/17 - 01:12.36PM, iter: 062, cost: 0.042225
01/26/17 - 01:12.36PM, iter: 063, cost: 0.042197
01/26/17 - 01:12.36PM, iter: 064, cost: 0.042162
01/26/17 - 01:12.36PM, iter: 065, cost: 0.042146
01/26/17 - 01:12.37PM, iter: 066, cost: 0.042122
01/26/17 - 01:12.37PM, iter: 067, cost: 0.042106
01/26/17 - 01:12.37PM, iter: 068, cost: 0.042076
01/26/17 - 01:12.37PM, iter: 069, cost: 0.042054
01/26/17 - 01:12.38PM, iter: 070, cost: 0.042024
01/26/17 - 01:12.38PM, iter: 071, cost: 0.042001
01/26/17 - 01:12.38PM, iter: 072, cost: 0.041980
01/26/17 - 01:12.38PM, iter: 073, cost: 0.041949
01/26/17 - 01:12.39PM, iter: 074, cost: 0.041933
01/26/17 - 01:12.39PM, iter: 075, cost: 0.041917
01/26/17 - 01:12.39PM, iter: 076, cost: 0.041898
01/26/17 - 01:12.39PM, iter: 077, cost: 0.041873
01/26/17 - 01:12.40PM, iter: 078, cost: 0.041862
01/26/17 - 01:12.40PM, iter: 079, cost: 0.041841
01/26/17 - 01:12.40PM, iter: 080, cost: 0.041817
01/26/17 - 01:12.41PM, iter: 081, cost: 0.041797
01/26/17 - 01:12.41PM, iter: 082, cost: 0.041778
01/26/17 - 01:12.41PM, iter: 083, cost: 0.041758
01/26/17 - 01:12.41PM, iter: 084, cost: 0.041737
01/26/17 - 01:12.42PM, iter: 085, cost: 0.041710
01/26/17 - 01:12.42PM, iter: 086, cost: 0.041702
01/26/17 - 01:12.42PM, iter: 087, cost: 0.041688
01/26/17 - 01:12.42PM, iter: 088, cost: 0.041669
01/26/17 - 01:12.42PM, iter: 089, cost: 0.041643
01/26/17 - 01:12.43PM, iter: 090, cost: 0.041630
01/26/17 - 01:12.43PM, iter: 091, cost: 0.041618
01/26/17 - 01:12.43PM, iter: 092, cost: 0.041598
01/26/17 - 01:12.43PM, iter: 093, cost: 0.041579
01/26/17 - 01:12.44PM, iter: 094, cost: 0.041565
01/26/17 - 01:12.44PM, iter: 095, cost: 0.041549
01/26/17 - 01:12.44PM, iter: 096, cost: 0.041539
01/26/17 - 01:12.44PM, iter: 097, cost: 0.041516
01/26/17 - 01:12.45PM, iter: 098, cost: 0.041503
01/26/17 - 01:12.45PM, iter: 099, cost: 0.041478
01/26/17 - 01:12.45PM, iter: 100, cost: 0.041468
01/26/17 - 01:12.45PM, iter: 101, cost: 0.041454
01/26/17 - 01:12.46PM, iter: 102, cost: 0.041442
01/26/17 - 01:12.46PM, iter: 103, cost: 0.041419
01/26/17 - 01:12.46PM, iter: 104, cost: 0.041407
01/26/17 - 01:12.46PM, iter: 105, cost: 0.041398
01/26/17 - 01:12.47PM, iter: 106, cost: 0.041377
01/26/17 - 01:12.47PM, iter: 107, cost: 0.041367
01/26/17 - 01:12.47PM, iter: 108, cost: 0.041362
01/26/17 - 01:12.47PM, iter: 109, cost: 0.041346
01/26/17 - 01:12.48PM, iter: 110, cost: 0.041332
01/26/17 - 01:12.48PM, iter: 111, cost: 0.041324
01/26/17 - 01:12.48PM, iter: 112, cost: 0.041314
01/26/17 - 01:12.48PM, iter: 113, cost: 0.041297
01/26/17 - 01:12.49PM, iter: 114, cost: 0.041281
01/26/17 - 01:12.49PM, iter: 115, cost: 0.041273
01/26/17 - 01:12.49PM, iter: 116, cost: 0.041265
01/26/17 - 01:12.49PM, iter: 117, cost: 0.041253
01/26/17 - 01:12.50PM, iter: 118, cost: 0.041243
01/26/17 - 01:12.50PM, iter: 119, cost: 0.041219
01/26/17 - 01:12.50PM, iter: 120, cost: 0.041215
01/26/17 - 01:12.50PM, iter: 121, cost: 0.041206
01/26/17 - 01:12.50PM, iter: 122, cost: 0.041189
01/26/17 - 01:12.51PM, iter: 123, cost: 0.041175
01/26/17 - 01:12.51PM, iter: 124, cost: 0.041166
01/26/17 - 01:12.51PM, iter: 125, cost: 0.041149
01/26/17 - 01:12.51PM, iter: 126, cost: 0.041142
01/26/17 - 01:12.52PM, iter: 127, cost: 0.041136
01/26/17 - 01:12.52PM, iter: 128, cost: 0.041117
01/26/17 - 01:12.52PM, iter: 129, cost: 0.041111
01/26/17 - 01:12.52PM, iter: 130, cost: 0.041100
01/26/17 - 01:12.53PM, iter: 131, cost: 0.041093
01/26/17 - 01:12.53PM, iter: 132, cost: 0.041077
01/26/17 - 01:12.53PM, iter: 133, cost: 0.041061
01/26/17 - 01:12.53PM, iter: 134, cost: 0.041051
01/26/17 - 01:12.54PM, iter: 135, cost: 0.041041
01/26/17 - 01:12.54PM, iter: 136, cost: 0.041026
01/26/17 - 01:12.54PM, iter: 137, cost: 0.041011
01/26/17 - 01:12.54PM, iter: 138, cost: 0.041006
01/26/17 - 01:12.55PM, iter: 139, cost: 0.041001
01/26/17 - 01:12.55PM, iter: 140, cost: 0.040990
01/26/17 - 01:12.55PM, iter: 141, cost: 0.040981
01/26/17 - 01:12.55PM, iter: 142, cost: 0.040969
01/26/17 - 01:12.56PM, iter: 143, cost: 0.040962
01/26/17 - 01:12.56PM, iter: 144, cost: 0.040952
01/26/17 - 01:12.56PM, iter: 145, cost: 0.040939
01/26/17 - 01:12.56PM, iter: 146, cost: 0.040937
01/26/17 - 01:12.57PM, iter: 147, cost: 0.040929
01/26/17 - 01:12.57PM, iter: 148, cost: 0.040915
01/26/17 - 01:12.57PM, iter: 149, cost: 0.040907
01/26/17 - 01:12.57PM, iter: 150, cost: 0.040899
01/26/17 - 01:12.58PM, iter: 151, cost: 0.040891
01/26/17 - 01:12.58PM, iter: 152, cost: 0.040883
01/26/17 - 01:12.58PM, iter: 153, cost: 0.040869
01/26/17 - 01:12.58PM, iter: 154, cost: 0.040866
01/26/17 - 01:12.59PM, iter: 155, cost: 0.040859
01/26/17 - 01:12.59PM, iter: 156, cost: 0.040854
01/26/17 - 01:12.59PM, iter: 157, cost: 0.040834
01/26/17 - 01:12.59PM, iter: 158, cost: 0.040824
01/26/17 - 01:13.00PM, iter: 159, cost: 0.040819
01/26/17 - 01:13.00PM, iter: 160, cost: 0.040810
01/26/17 - 01:13.00PM, iter: 161, cost: 0.040799
01/26/17 - 01:13.00PM, iter: 162, cost: 0.040796
01/26/17 - 01:13.00PM, iter: 163, cost: 0.040789
01/26/17 - 01:13.01PM, iter: 164, cost: 0.040786
01/26/17 - 01:13.01PM, iter: 165, cost: 0.040776
01/26/17 - 01:13.01PM, iter: 166, cost: 0.040766
01/26/17 - 01:13.01PM, iter: 167, cost: 0.040759
01/26/17 - 01:13.02PM, iter: 168, cost: 0.040754
01/26/17 - 01:13.02PM, iter: 169, cost: 0.040747
01/26/17 - 01:13.02PM, iter: 170, cost: 0.040737
01/26/17 - 01:13.02PM, iter: 171, cost: 0.040725
01/26/17 - 01:13.03PM, iter: 172, cost: 0.040716
01/26/17 - 01:13.03PM, iter: 173, cost: 0.040714
01/26/17 - 01:13.03PM, iter: 174, cost: 0.040704
01/26/17 - 01:13.03PM, iter: 175, cost: 0.040702
01/26/17 - 01:13.04PM, iter: 176, cost: 0.040690
01/26/17 - 01:13.04PM, iter: 177, cost: 0.040683
01/26/17 - 01:13.04PM, iter: 178, cost: 0.040680
01/26/17 - 01:13.04PM, iter: 179, cost: 0.040663
01/26/17 - 01:13.05PM, iter: 180, cost: 0.040658
01/26/17 - 01:13.05PM, iter: 181, cost: 0.040650
01/26/17 - 01:13.05PM, iter: 182, cost: 0.040642
01/26/17 - 01:13.05PM, iter: 183, cost: 0.040637
01/26/17 - 01:13.06PM, iter: 184, cost: 0.040631
01/26/17 - 01:13.06PM, iter: 185, cost: 0.040625
01/26/17 - 01:13.06PM, iter: 186, cost: 0.040612
01/26/17 - 01:13.06PM, iter: 187, cost: 0.040609
01/26/17 - 01:13.07PM, iter: 188, cost: 0.040605
01/26/17 - 01:13.07PM, iter: 189, cost: 0.040601
01/26/17 - 01:13.07PM, iter: 190, cost: 0.040597
01/26/17 - 01:13.07PM, iter: 191, cost: 0.040585
01/26/17 - 01:13.07PM, iter: 192, cost: 0.040582
01/26/17 - 01:13.08PM, iter: 193, cost: 0.040576
01/26/17 - 01:13.08PM, iter: 194, cost: 0.040572
01/26/17 - 01:13.08PM, iter: 195, cost: 0.040561
01/26/17 - 01:13.08PM, iter: 196, cost: 0.040552
01/26/17 - 01:13.09PM, iter: 197, cost: 0.040546
01/26/17 - 01:13.09PM, iter: 198, cost: 0.040534
01/26/17 - 01:13.09PM, iter: 199, cost: 0.040529
01/26/17 - 01:13.09PM, iter: 200, cost: 0.040521
TRAINING MODEL
Read 3189862 lines.
Initializing parameters...done.
vector size: 100
vocab size: 3468
x_max: 10.000000
alpha: 0.750000
01/26/17 - 01:13.10PM, iter: 001, cost: 0.150056
01/26/17 - 01:13.10PM, iter: 002, cost: 0.080226
01/26/17 - 01:13.10PM, iter: 003, cost: 0.064790
01/26/17 - 01:13.11PM, iter: 004, cost: 0.054072
01/26/17 - 01:13.11PM, iter: 005, cost: 0.047609
01/26/17 - 01:13.11PM, iter: 006, cost: 0.043776
01/26/17 - 01:13.12PM, iter: 007, cost: 0.041425
01/26/17 - 01:13.12PM, iter: 008, cost: 0.040094
01/26/17 - 01:13.13PM, iter: 009, cost: 0.039225
01/26/17 - 01:13.13PM, iter: 010, cost: 0.038556
01/26/17 - 01:13.13PM, iter: 011, cost: 0.038070
01/26/17 - 01:13.14PM, iter: 012, cost: 0.037693
01/26/17 - 01:13.14PM, iter: 013, cost: 0.037329
01/26/17 - 01:13.14PM, iter: 014, cost: 0.037045
01/26/17 - 01:13.15PM, iter: 015, cost: 0.036780
01/26/17 - 01:13.15PM, iter: 016, cost: 0.036559
01/26/17 - 01:13.16PM, iter: 017, cost: 0.036398
01/26/17 - 01:13.16PM, iter: 018, cost: 0.036180
01/26/17 - 01:13.16PM, iter: 019, cost: 0.035973
01/26/17 - 01:13.17PM, iter: 020, cost: 0.035854
01/26/17 - 01:13.17PM, iter: 021, cost: 0.035719
01/26/17 - 01:13.18PM, iter: 022, cost: 0.035573
01/26/17 - 01:13.18PM, iter: 023, cost: 0.035429
01/26/17 - 01:13.18PM, iter: 024, cost: 0.035330
01/26/17 - 01:13.19PM, iter: 025, cost: 0.035240
01/26/17 - 01:13.19PM, iter: 026, cost: 0.035148
01/26/17 - 01:13.19PM, iter: 027, cost: 0.035040
01/26/17 - 01:13.20PM, iter: 028, cost: 0.034928
01/26/17 - 01:13.20PM, iter: 029, cost: 0.034840
01/26/17 - 01:13.20PM, iter: 030, cost: 0.034752
01/26/17 - 01:13.21PM, iter: 031, cost: 0.034677
01/26/17 - 01:13.21PM, iter: 032, cost: 0.034574
01/26/17 - 01:13.22PM, iter: 033, cost: 0.034519
01/26/17 - 01:13.22PM, iter: 034, cost: 0.034468
01/26/17 - 01:13.22PM, iter: 035, cost: 0.034385
01/26/17 - 01:13.23PM, iter: 036, cost: 0.034323
01/26/17 - 01:13.23PM, iter: 037, cost: 0.034264
01/26/17 - 01:13.23PM, iter: 038, cost: 0.034191
01/26/17 - 01:13.24PM, iter: 039, cost: 0.034149
01/26/17 - 01:13.24PM, iter: 040, cost: 0.034073
01/26/17 - 01:13.25PM, iter: 041, cost: 0.034022
01/26/17 - 01:13.25PM, iter: 042, cost: 0.033981
01/26/17 - 01:13.25PM, iter: 043, cost: 0.033933
01/26/17 - 01:13.26PM, iter: 044, cost: 0.033888
01/26/17 - 01:13.26PM, iter: 045, cost: 0.033836
01/26/17 - 01:13.26PM, iter: 046, cost: 0.033767
01/26/17 - 01:13.27PM, iter: 047, cost: 0.033745
01/26/17 - 01:13.27PM, iter: 048, cost: 0.033693
01/26/17 - 01:13.28PM, iter: 049, cost: 0.033631
01/26/17 - 01:13.28PM, iter: 050, cost: 0.033594
01/26/17 - 01:13.28PM, iter: 051, cost: 0.033553
01/26/17 - 01:13.29PM, iter: 052, cost: 0.033511
01/26/17 - 01:13.29PM, iter: 053, cost: 0.033470
01/26/17 - 01:13.29PM, iter: 054, cost: 0.033417
01/26/17 - 01:13.30PM, iter: 055, cost: 0.033402
01/26/17 - 01:13.30PM, iter: 056, cost: 0.033347
01/26/17 - 01:13.31PM, iter: 057, cost: 0.033317
01/26/17 - 01:13.31PM, iter: 058, cost: 0.033287
01/26/17 - 01:13.31PM, iter: 059, cost: 0.033231
01/26/17 - 01:13.32PM, iter: 060, cost: 0.033210
01/26/17 - 01:13.32PM, iter: 061, cost: 0.033186
01/26/17 - 01:13.33PM, iter: 062, cost: 0.033136
01/26/17 - 01:13.33PM, iter: 063, cost: 0.033112
01/26/17 - 01:13.33PM, iter: 064, cost: 0.033102
01/26/17 - 01:13.34PM, iter: 065, cost: 0.033052
01/26/17 - 01:13.34PM, iter: 066, cost: 0.033023
01/26/17 - 01:13.34PM, iter: 067, cost: 0.033001
01/26/17 - 01:13.35PM, iter: 068, cost: 0.032980
01/26/17 - 01:13.35PM, iter: 069, cost: 0.032946
01/26/17 - 01:13.35PM, iter: 070, cost: 0.032915
01/26/17 - 01:13.36PM, iter: 071, cost: 0.032880
01/26/17 - 01:13.36PM, iter: 072, cost: 0.032852
01/26/17 - 01:13.36PM, iter: 073, cost: 0.032837
01/26/17 - 01:13.37PM, iter: 074, cost: 0.032802
01/26/17 - 01:13.37PM, iter: 075, cost: 0.032788
01/26/17 - 01:13.37PM, iter: 076, cost: 0.032769
01/26/17 - 01:13.38PM, iter: 077, cost: 0.032728
01/26/17 - 01:13.38PM, iter: 078, cost: 0.032711
01/26/17 - 01:13.39PM, iter: 079, cost: 0.032684
01/26/17 - 01:13.39PM, iter: 080, cost: 0.032656
01/26/17 - 01:13.39PM, iter: 081, cost: 0.032637
01/26/17 - 01:13.40PM, iter: 082, cost: 0.032609
01/26/17 - 01:13.40PM, iter: 083, cost: 0.032583
01/26/17 - 01:13.41PM, iter: 084, cost: 0.032555
01/26/17 - 01:13.41PM, iter: 085, cost: 0.032543
01/26/17 - 01:13.41PM, iter: 086, cost: 0.032521
01/26/17 - 01:13.42PM, iter: 087, cost: 0.032508
01/26/17 - 01:13.42PM, iter: 088, cost: 0.032467
01/26/17 - 01:13.42PM, iter: 089, cost: 0.032453
01/26/17 - 01:13.43PM, iter: 090, cost: 0.032425
01/26/17 - 01:13.43PM, iter: 091, cost: 0.032408
01/26/17 - 01:13.43PM, iter: 092, cost: 0.032399
01/26/17 - 01:13.44PM, iter: 093, cost: 0.032370
01/26/17 - 01:13.44PM, iter: 094, cost: 0.032357
01/26/17 - 01:13.45PM, iter: 095, cost: 0.032342
01/26/17 - 01:13.45PM, iter: 096, cost: 0.032318
01/26/17 - 01:13.45PM, iter: 097, cost: 0.032295
01/26/17 - 01:13.46PM, iter: 098, cost: 0.032285
01/26/17 - 01:13.46PM, iter: 099, cost: 0.032256
01/26/17 - 01:13.46PM, iter: 100, cost: 0.032231
01/26/17 - 01:13.47PM, iter: 101, cost: 0.032219
01/26/17 - 01:13.47PM, iter: 102, cost: 0.032192
01/26/17 - 01:13.48PM, iter: 103, cost: 0.032188
01/26/17 - 01:13.48PM, iter: 104, cost: 0.032171
01/26/17 - 01:13.48PM, iter: 105, cost: 0.032158
01/26/17 - 01:13.49PM, iter: 106, cost: 0.032151
01/26/17 - 01:13.49PM, iter: 107, cost: 0.032117
01/26/17 - 01:13.50PM, iter: 108, cost: 0.032111
01/26/17 - 01:13.50PM, iter: 109, cost: 0.032102
01/26/17 - 01:13.50PM, iter: 110, cost: 0.032074
01/26/17 - 01:13.51PM, iter: 111, cost: 0.032039
01/26/17 - 01:13.51PM, iter: 112, cost: 0.032024
01/26/17 - 01:13.51PM, iter: 113, cost: 0.032019
01/26/17 - 01:13.52PM, iter: 114, cost: 0.032004
01/26/17 - 01:13.52PM, iter: 115, cost: 0.031995
01/26/17 - 01:13.52PM, iter: 116, cost: 0.031983
01/26/17 - 01:13.53PM, iter: 117, cost: 0.031970
01/26/17 - 01:13.53PM, iter: 118, cost: 0.031955
01/26/17 - 01:13.53PM, iter: 119, cost: 0.031928
01/26/17 - 01:13.54PM, iter: 120, cost: 0.031923
01/26/17 - 01:13.54PM, iter: 121, cost: 0.031891
01/26/17 - 01:13.55PM, iter: 122, cost: 0.031873
01/26/17 - 01:13.55PM, iter: 123, cost: 0.031868
01/26/17 - 01:13.55PM, iter: 124, cost: 0.031848
01/26/17 - 01:13.56PM, iter: 125, cost: 0.031846
01/26/17 - 01:13.56PM, iter: 126, cost: 0.031835
01/26/17 - 01:13.57PM, iter: 127, cost: 0.031809
01/26/17 - 01:13.57PM, iter: 128, cost: 0.031804
01/26/17 - 01:13.57PM, iter: 129, cost: 0.031795
01/26/17 - 01:13.58PM, iter: 130, cost: 0.031779
01/26/17 - 01:13.58PM, iter: 131, cost: 0.031766
01/26/17 - 01:13.58PM, iter: 132, cost: 0.031751
01/26/17 - 01:13.59PM, iter: 133, cost: 0.031746
01/26/17 - 01:13.59PM, iter: 134, cost: 0.031729
01/26/17 - 01:13.59PM, iter: 135, cost: 0.031714
01/26/17 - 01:14.00PM, iter: 136, cost: 0.031703
01/26/17 - 01:14.00PM, iter: 137, cost: 0.031694
01/26/17 - 01:14.00PM, iter: 138, cost: 0.031685
01/26/17 - 01:14.01PM, iter: 139, cost: 0.031675
01/26/17 - 01:14.01PM, iter: 140, cost: 0.031670
01/26/17 - 01:14.02PM, iter: 141, cost: 0.031651
01/26/17 - 01:14.02PM, iter: 142, cost: 0.031643
01/26/17 - 01:14.02PM, iter: 143, cost: 0.031632
01/26/17 - 01:14.03PM, iter: 144, cost: 0.031622
01/26/17 - 01:14.03PM, iter: 145, cost: 0.031607
01/26/17 - 01:14.04PM, iter: 146, cost: 0.031600
01/26/17 - 01:14.04PM, iter: 147, cost: 0.031568
01/26/17 - 01:14.04PM, iter: 148, cost: 0.031567
01/26/17 - 01:14.05PM, iter: 149, cost: 0.031553
01/26/17 - 01:14.05PM, iter: 150, cost: 0.031548
01/26/17 - 01:14.05PM, iter: 151, cost: 0.031542
01/26/17 - 01:14.06PM, iter: 152, cost: 0.031519
01/26/17 - 01:14.06PM, iter: 153, cost: 0.031507
01/26/17 - 01:14.07PM, iter: 154, cost: 0.031495
01/26/17 - 01:14.07PM, iter: 155, cost: 0.031474
01/26/17 - 01:14.07PM, iter: 156, cost: 0.031456
01/26/17 - 01:14.08PM, iter: 157, cost: 0.031456
01/26/17 - 01:14.08PM, iter: 158, cost: 0.031445
01/26/17 - 01:14.08PM, iter: 159, cost: 0.031440
01/26/17 - 01:14.09PM, iter: 160, cost: 0.031434
01/26/17 - 01:14.09PM, iter: 161, cost: 0.031426
01/26/17 - 01:14.09PM, iter: 162, cost: 0.031415
01/26/17 - 01:14.10PM, iter: 163, cost: 0.031413
01/26/17 - 01:14.10PM, iter: 164, cost: 0.031388
01/26/17 - 01:14.11PM, iter: 165, cost: 0.031384
01/26/17 - 01:14.11PM, iter: 166, cost: 0.031374
01/26/17 - 01:14.11PM, iter: 167, cost: 0.031369
01/26/17 - 01:14.12PM, iter: 168, cost: 0.031362
01/26/17 - 01:14.12PM, iter: 169, cost: 0.031349
01/26/17 - 01:14.12PM, iter: 170, cost: 0.031333
01/26/17 - 01:14.13PM, iter: 171, cost: 0.031333
01/26/17 - 01:14.13PM, iter: 172, cost: 0.031315
01/26/17 - 01:14.14PM, iter: 173, cost: 0.031302
01/26/17 - 01:14.14PM, iter: 174, cost: 0.031299
01/26/17 - 01:14.14PM, iter: 175, cost: 0.031288
01/26/17 - 01:14.15PM, iter: 176, cost: 0.031272
01/26/17 - 01:14.15PM, iter: 177, cost: 0.031275
01/26/17 - 01:14.15PM, iter: 178, cost: 0.031256
01/26/17 - 01:14.16PM, iter: 179, cost: 0.031245
01/26/17 - 01:14.16PM, iter: 180, cost: 0.031228
01/26/17 - 01:14.17PM, iter: 181, cost: 0.031232
01/26/17 - 01:14.17PM, iter: 182, cost: 0.031220
01/26/17 - 01:14.17PM, iter: 183, cost: 0.031209
01/26/17 - 01:14.18PM, iter: 184, cost: 0.031204
01/26/17 - 01:14.18PM, iter: 185, cost: 0.031203
01/26/17 - 01:14.18PM, iter: 186, cost: 0.031184
01/26/17 - 01:14.19PM, iter: 187, cost: 0.031184
01/26/17 - 01:14.19PM, iter: 188, cost: 0.031178
01/26/17 - 01:14.20PM, iter: 189, cost: 0.031170
01/26/17 - 01:14.20PM, iter: 190, cost: 0.031164
01/26/17 - 01:14.20PM, iter: 191, cost: 0.031149
01/26/17 - 01:14.21PM, iter: 192, cost: 0.031138
01/26/17 - 01:14.21PM, iter: 193, cost: 0.031129
01/26/17 - 01:14.22PM, iter: 194, cost: 0.031124
01/26/17 - 01:14.22PM, iter: 195, cost: 0.031112
01/26/17 - 01:14.22PM, iter: 196, cost: 0.031107
01/26/17 - 01:14.23PM, iter: 197, cost: 0.031103
01/26/17 - 01:14.23PM, iter: 198, cost: 0.031094
01/26/17 - 01:14.23PM, iter: 199, cost: 0.031091
01/26/17 - 01:14.24PM, iter: 200, cost: 0.031063
TRAINING MODEL
Read 3189862 lines.
Initializing parameters...done.
vector size: 200
vocab size: 3468
x_max: 10.000000
alpha: 0.750000
01/26/17 - 01:14.25PM, iter: 001, cost: 0.151793
01/26/17 - 01:14.26PM, iter: 002, cost: 0.081718
01/26/17 - 01:14.26PM, iter: 003, cost: 0.066169
01/26/17 - 01:14.27PM, iter: 004, cost: 0.054992
01/26/17 - 01:14.28PM, iter: 005, cost: 0.047624
01/26/17 - 01:14.29PM, iter: 006, cost: 0.042903
01/26/17 - 01:14.30PM, iter: 007, cost: 0.039205
01/26/17 - 01:14.31PM, iter: 008, cost: 0.036190
01/26/17 - 01:14.32PM, iter: 009, cost: 0.033786
01/26/17 - 01:14.32PM, iter: 010, cost: 0.032007
01/26/17 - 01:14.33PM, iter: 011, cost: 0.030865
01/26/17 - 01:14.34PM, iter: 012, cost: 0.029994
01/26/17 - 01:14.35PM, iter: 013, cost: 0.029296
01/26/17 - 01:14.36PM, iter: 014, cost: 0.028744
01/26/17 - 01:14.37PM, iter: 015, cost: 0.028346
01/26/17 - 01:14.37PM, iter: 016, cost: 0.027911
01/26/17 - 01:14.38PM, iter: 017, cost: 0.027641
01/26/17 - 01:14.39PM, iter: 018, cost: 0.027257
01/26/17 - 01:14.40PM, iter: 019, cost: 0.027032
01/26/17 - 01:14.41PM, iter: 020, cost: 0.026769
01/26/17 - 01:14.42PM, iter: 021, cost: 0.026612
01/26/17 - 01:14.43PM, iter: 022, cost: 0.026344
01/26/17 - 01:14.43PM, iter: 023, cost: 0.026165
01/26/17 - 01:14.44PM, iter: 024, cost: 0.026015
01/26/17 - 01:14.45PM, iter: 025, cost: 0.025900
01/26/17 - 01:14.46PM, iter: 026, cost: 0.025695
01/26/17 - 01:14.47PM, iter: 027, cost: 0.025600
01/26/17 - 01:14.48PM, iter: 028, cost: 0.025470
01/26/17 - 01:14.49PM, iter: 029, cost: 0.025317
01/26/17 - 01:14.49PM, iter: 030, cost: 0.025220
01/26/17 - 01:14.50PM, iter: 031, cost: 0.025124
01/26/17 - 01:14.51PM, iter: 032, cost: 0.025039
01/26/17 - 01:14.52PM, iter: 033, cost: 0.024943
01/26/17 - 01:14.53PM, iter: 034, cost: 0.024856
01/26/17 - 01:14.53PM, iter: 035, cost: 0.024791
01/26/17 - 01:14.54PM, iter: 036, cost: 0.024696
01/26/17 - 01:14.55PM, iter: 037, cost: 0.024647
01/26/17 - 01:14.56PM, iter: 038, cost: 0.024541
01/26/17 - 01:14.57PM, iter: 039, cost: 0.024437
01/26/17 - 01:14.58PM, iter: 040, cost: 0.024392
01/26/17 - 01:14.58PM, iter: 041, cost: 0.024358
01/26/17 - 01:14.59PM, iter: 042, cost: 0.024280
01/26/17 - 01:15.00PM, iter: 043, cost: 0.024201
01/26/17 - 01:15.01PM, iter: 044, cost: 0.024157
01/26/17 - 01:15.02PM, iter: 045, cost: 0.024104
01/26/17 - 01:15.03PM, iter: 046, cost: 0.024041
01/26/17 - 01:15.03PM, iter: 047, cost: 0.024014
01/26/17 - 01:15.04PM, iter: 048, cost: 0.023930
01/26/17 - 01:15.05PM, iter: 049, cost: 0.023867
01/26/17 - 01:15.06PM, iter: 050, cost: 0.023800
01/26/17 - 01:15.07PM, iter: 051, cost: 0.023760
01/26/17 - 01:15.08PM, iter: 052, cost: 0.023694
01/26/17 - 01:15.09PM, iter: 053, cost: 0.023672
01/26/17 - 01:15.10PM, iter: 054, cost: 0.023579
01/26/17 - 01:15.11PM, iter: 055, cost: 0.023538
01/26/17 - 01:15.11PM, iter: 056, cost: 0.023473
01/26/17 - 01:15.12PM, iter: 057, cost: 0.023478
01/26/17 - 01:15.13PM, iter: 058, cost: 0.023441
01/26/17 - 01:15.14PM, iter: 059, cost: 0.023371
01/26/17 - 01:15.15PM, iter: 060, cost: 0.023338
01/26/17 - 01:15.15PM, iter: 061, cost: 0.023332
01/26/17 - 01:15.16PM, iter: 062, cost: 0.023302
01/26/17 - 01:15.17PM, iter: 063, cost: 0.023267
01/26/17 - 01:15.18PM, iter: 064, cost: 0.023217
01/26/17 - 01:15.19PM, iter: 065, cost: 0.023183
01/26/17 - 01:15.20PM, iter: 066, cost: 0.023182
01/26/17 - 01:15.20PM, iter: 067, cost: 0.023124
01/26/17 - 01:15.21PM, iter: 068, cost: 0.023098
01/26/17 - 01:15.22PM, iter: 069, cost: 0.023063
01/26/17 - 01:15.23PM, iter: 070, cost: 0.023048
01/26/17 - 01:15.24PM, iter: 071, cost: 0.023008
01/26/17 - 01:15.25PM, iter: 072, cost: 0.022978
01/26/17 - 01:15.25PM, iter: 073, cost: 0.022952
01/26/17 - 01:15.26PM, iter: 074, cost: 0.022951
01/26/17 - 01:15.27PM, iter: 075, cost: 0.022888
01/26/17 - 01:15.28PM, iter: 076, cost: 0.022869
01/26/17 - 01:15.29PM, iter: 077, cost: 0.022819
01/26/17 - 01:15.29PM, iter: 078, cost: 0.022796
01/26/17 - 01:15.30PM, iter: 079, cost: 0.022798
01/26/17 - 01:15.31PM, iter: 080, cost: 0.022756
01/26/17 - 01:15.32PM, iter: 081, cost: 0.022733
01/26/17 - 01:15.33PM, iter: 082, cost: 0.022702
01/26/17 - 01:15.33PM, iter: 083, cost: 0.022687
01/26/17 - 01:15.34PM, iter: 084, cost: 0.022667
01/26/17 - 01:15.35PM, iter: 085, cost: 0.022637
01/26/17 - 01:15.36PM, iter: 086, cost: 0.022615
01/26/17 - 01:15.37PM, iter: 087, cost: 0.022598
01/26/17 - 01:15.38PM, iter: 088, cost: 0.022590
01/26/17 - 01:15.38PM, iter: 089, cost: 0.022573
01/26/17 - 01:15.39PM, iter: 090, cost: 0.022520
01/26/17 - 01:15.40PM, iter: 091, cost: 0.022499
01/26/17 - 01:15.41PM, iter: 092, cost: 0.022489
01/26/17 - 01:15.42PM, iter: 093, cost: 0.022476
01/26/17 - 01:15.42PM, iter: 094, cost: 0.022444
01/26/17 - 01:15.43PM, iter: 095, cost: 0.022400
01/26/17 - 01:15.44PM, iter: 096, cost: 0.022381
01/26/17 - 01:15.45PM, iter: 097, cost: 0.022387
01/26/17 - 01:15.46PM, iter: 098, cost: 0.022367
01/26/17 - 01:15.47PM, iter: 099, cost: 0.022317
01/26/17 - 01:15.47PM, iter: 100, cost: 0.022273
01/26/17 - 01:15.48PM, iter: 101, cost: 0.022278
01/26/17 - 01:15.49PM, iter: 102, cost: 0.022264
01/26/17 - 01:15.50PM, iter: 103, cost: 0.022229
01/26/17 - 01:15.51PM, iter: 104, cost: 0.022209
01/26/17 - 01:15.51PM, iter: 105, cost: 0.022202
01/26/17 - 01:15.52PM, iter: 106, cost: 0.022207
01/26/17 - 01:15.53PM, iter: 107, cost: 0.022177
01/26/17 - 01:15.54PM, iter: 108, cost: 0.022142
01/26/17 - 01:15.55PM, iter: 109, cost: 0.022124
01/26/17 - 01:15.56PM, iter: 110, cost: 0.022130
01/26/17 - 01:15.56PM, iter: 111, cost: 0.022102
01/26/17 - 01:15.57PM, iter: 112, cost: 0.022085
01/26/17 - 01:15.58PM, iter: 113, cost: 0.022067
01/26/17 - 01:15.59PM, iter: 114, cost: 0.022065
01/26/17 - 01:16.00PM, iter: 115, cost: 0.022042
01/26/17 - 01:16.01PM, iter: 116, cost: 0.022008
01/26/17 - 01:16.01PM, iter: 117, cost: 0.021999
01/26/17 - 01:16.02PM, iter: 118, cost: 0.021987
01/26/17 - 01:16.03PM, iter: 119, cost: 0.021989
01/26/17 - 01:16.04PM, iter: 120, cost: 0.021966
01/26/17 - 01:16.05PM, iter: 121, cost: 0.021945
01/26/17 - 01:16.05PM, iter: 122, cost: 0.021920
01/26/17 - 01:16.06PM, iter: 123, cost: 0.021925
01/26/17 - 01:16.07PM, iter: 124, cost: 0.021889
01/26/17 - 01:16.08PM, iter: 125, cost: 0.021873
01/26/17 - 01:16.09PM, iter: 126, cost: 0.021859
01/26/17 - 01:16.09PM, iter: 127, cost: 0.021855
01/26/17 - 01:16.10PM, iter: 128, cost: 0.021843
01/26/17 - 01:16.11PM, iter: 129, cost: 0.021817
01/26/17 - 01:16.12PM, iter: 130, cost: 0.021800
01/26/17 - 01:16.13PM, iter: 131, cost: 0.021793
01/26/17 - 01:16.14PM, iter: 132, cost: 0.021793
01/26/17 - 01:16.14PM, iter: 133, cost: 0.021771
01/26/17 - 01:16.15PM, iter: 134, cost: 0.021745
01/26/17 - 01:16.16PM, iter: 135, cost: 0.021741
01/26/17 - 01:16.17PM, iter: 136, cost: 0.021715
01/26/17 - 01:16.18PM, iter: 137, cost: 0.021705
01/26/17 - 01:16.19PM, iter: 138, cost: 0.021671
01/26/17 - 01:16.20PM, iter: 139, cost: 0.021652
01/26/17 - 01:16.21PM, iter: 140, cost: 0.021625
01/26/17 - 01:16.21PM, iter: 141, cost: 0.021614
01/26/17 - 01:16.22PM, iter: 142, cost: 0.021604
01/26/17 - 01:16.23PM, iter: 143, cost: 0.021596
01/26/17 - 01:16.24PM, iter: 144, cost: 0.021596
01/26/17 - 01:16.25PM, iter: 145, cost: 0.021574
01/26/17 - 01:16.26PM, iter: 146, cost: 0.021543
01/26/17 - 01:16.27PM, iter: 147, cost: 0.021546
01/26/17 - 01:16.27PM, iter: 148, cost: 0.021520
01/26/17 - 01:16.28PM, iter: 149, cost: 0.021524
01/26/17 - 01:16.29PM, iter: 150, cost: 0.021504
01/26/17 - 01:16.30PM, iter: 151, cost: 0.021500
01/26/17 - 01:16.31PM, iter: 152, cost: 0.021497
01/26/17 - 01:16.32PM, iter: 153, cost: 0.021471
01/26/17 - 01:16.32PM, iter: 154, cost: 0.021457
01/26/17 - 01:16.33PM, iter: 155, cost: 0.021453
01/26/17 - 01:16.34PM, iter: 156, cost: 0.021463
01/26/17 - 01:16.35PM, iter: 157, cost: 0.021407
01/26/17 - 01:16.36PM, iter: 158, cost: 0.021418
01/26/17 - 01:16.37PM, iter: 159, cost: 0.021397
01/26/17 - 01:16.38PM, iter: 160, cost: 0.021388
01/26/17 - 01:16.39PM, iter: 161, cost: 0.021372
01/26/17 - 01:16.39PM, iter: 162, cost: 0.021369
01/26/17 - 01:16.40PM, iter: 163, cost: 0.021361
01/26/17 - 01:16.41PM, iter: 164, cost: 0.021359
01/26/17 - 01:16.42PM, iter: 165, cost: 0.021341
01/26/17 - 01:16.43PM, iter: 166, cost: 0.021338
01/26/17 - 01:16.43PM, iter: 167, cost: 0.021337
01/26/17 - 01:16.44PM, iter: 168, cost: 0.021302
01/26/17 - 01:16.45PM, iter: 169, cost: 0.021296
01/26/17 - 01:16.46PM, iter: 170, cost: 0.021290
01/26/17 - 01:16.47PM, iter: 171, cost: 0.021269
01/26/17 - 01:16.48PM, iter: 172, cost: 0.021262
01/26/17 - 01:16.49PM, iter: 173, cost: 0.021257
01/26/17 - 01:16.49PM, iter: 174, cost: 0.021254
01/26/17 - 01:16.50PM, iter: 175, cost: 0.021253
01/26/17 - 01:16.51PM, iter: 176, cost: 0.021248
01/26/17 - 01:16.52PM, iter: 177, cost: 0.021215
01/26/17 - 01:16.53PM, iter: 178, cost: 0.021224
01/26/17 - 01:16.54PM, iter: 179, cost: 0.021194
01/26/17 - 01:16.55PM, iter: 180, cost: 0.021193
01/26/17 - 01:16.55PM, iter: 181, cost: 0.021161
01/26/17 - 01:16.56PM, iter: 182, cost: 0.021154
01/26/17 - 01:16.57PM, iter: 183, cost: 0.021144
01/26/17 - 01:16.58PM, iter: 184, cost: 0.021160
01/26/17 - 01:16.59PM, iter: 185, cost: 0.021140
01/26/17 - 01:17.00PM, iter: 186, cost: 0.021132
01/26/17 - 01:17.00PM, iter: 187, cost: 0.021099
01/26/17 - 01:17.01PM, iter: 188, cost: 0.021105
01/26/17 - 01:17.02PM, iter: 189, cost: 0.021115
01/26/17 - 01:17.03PM, iter: 190, cost: 0.021091
01/26/17 - 01:17.04PM, iter: 191, cost: 0.021078
01/26/17 - 01:17.05PM, iter: 192, cost: 0.021081
01/26/17 - 01:17.05PM, iter: 193, cost: 0.021065
01/26/17 - 01:17.06PM, iter: 194, cost: 0.021067
01/26/17 - 01:17.07PM, iter: 195, cost: 0.021053
01/26/17 - 01:17.08PM, iter: 196, cost: 0.021048
01/26/17 - 01:17.09PM, iter: 197, cost: 0.021034
01/26/17 - 01:17.10PM, iter: 198, cost: 0.021035
01/26/17 - 01:17.10PM, iter: 199, cost: 0.021014
01/26/17 - 01:17.11PM, iter: 200, cost: 0.021000
TRAINING MODEL
Read 3189862 lines.
Initializing parameters...done.
vector size: 300
vocab size: 3468
x_max: 10.000000
alpha: 0.750000
01/26/17 - 01:17.13PM, iter: 001, cost: 0.153015
01/26/17 - 01:17.15PM, iter: 002, cost: 0.082599
01/26/17 - 01:17.16PM, iter: 003, cost: 0.067024
01/26/17 - 01:17.18PM, iter: 004, cost: 0.055782
01/26/17 - 01:17.19PM, iter: 005, cost: 0.048106
01/26/17 - 01:17.21PM, iter: 006, cost: 0.043147
01/26/17 - 01:17.23PM, iter: 007, cost: 0.039191
01/26/17 - 01:17.24PM, iter: 008, cost: 0.035798
01/26/17 - 01:17.26PM, iter: 009, cost: 0.032779
01/26/17 - 01:17.27PM, iter: 010, cost: 0.030188
01/26/17 - 01:17.29PM, iter: 011, cost: 0.028013
01/26/17 - 01:17.31PM, iter: 012, cost: 0.026370
01/26/17 - 01:17.32PM, iter: 013, cost: 0.024980
01/26/17 - 01:17.34PM, iter: 014, cost: 0.024090
01/26/17 - 01:17.36PM, iter: 015, cost: 0.023274
01/26/17 - 01:17.37PM, iter: 016, cost: 0.022663
01/26/17 - 01:17.39PM, iter: 017, cost: 0.022184
01/26/17 - 01:17.40PM, iter: 018, cost: 0.021745
01/26/17 - 01:17.42PM, iter: 019, cost: 0.021388
01/26/17 - 01:17.43PM, iter: 020, cost: 0.021105
01/26/17 - 01:17.45PM, iter: 021, cost: 0.020778
01/26/17 - 01:17.47PM, iter: 022, cost: 0.020484
01/26/17 - 01:17.48PM, iter: 023, cost: 0.020289
01/26/17 - 01:17.50PM, iter: 024, cost: 0.020088
01/26/17 - 01:17.51PM, iter: 025, cost: 0.019927
01/26/17 - 01:17.53PM, iter: 026, cost: 0.019697
01/26/17 - 01:17.55PM, iter: 027, cost: 0.019507
01/26/17 - 01:17.56PM, iter: 028, cost: 0.019360
01/26/17 - 01:17.58PM, iter: 029, cost: 0.019202
01/26/17 - 01:18.00PM, iter: 030, cost: 0.019183
01/26/17 - 01:18.01PM, iter: 031, cost: 0.018930
01/26/17 - 01:18.03PM, iter: 032, cost: 0.018781
01/26/17 - 01:18.04PM, iter: 033, cost: 0.018765
01/26/17 - 01:18.06PM, iter: 034, cost: 0.018616
01/26/17 - 01:18.08PM, iter: 035, cost: 0.018510
01/26/17 - 01:18.09PM, iter: 036, cost: 0.018420
01/26/17 - 01:18.11PM, iter: 037, cost: 0.018328
01/26/17 - 01:18.12PM, iter: 038, cost: 0.018210
01/26/17 - 01:18.14PM, iter: 039, cost: 0.018151
01/26/17 - 01:18.15PM, iter: 040, cost: 0.018072
01/26/17 - 01:18.17PM, iter: 041, cost: 0.018023
01/26/17 - 01:18.19PM, iter: 042, cost: 0.017943
01/26/17 - 01:18.20PM, iter: 043, cost: 0.017882
01/26/17 - 01:18.22PM, iter: 044, cost: 0.017814
01/26/17 - 01:18.23PM, iter: 045, cost: 0.017756
01/26/17 - 01:18.25PM, iter: 046, cost: 0.017686
01/26/17 - 01:18.26PM, iter: 047, cost: 0.017641
01/26/17 - 01:18.28PM, iter: 048, cost: 0.017547
01/26/17 - 01:18.30PM, iter: 049, cost: 0.017530
01/26/17 - 01:18.31PM, iter: 050, cost: 0.017534
01/26/17 - 01:18.33PM, iter: 051, cost: 0.017429
01/26/17 - 01:18.35PM, iter: 052, cost: 0.017386
01/26/17 - 01:18.36PM, iter: 053, cost: 0.017282
01/26/17 - 01:18.38PM, iter: 054, cost: 0.017228
01/26/17 - 01:18.40PM, iter: 055, cost: 0.017175
01/26/17 - 01:18.41PM, iter: 056, cost: 0.017154
01/26/17 - 01:18.43PM, iter: 057, cost: 0.017089
01/26/17 - 01:18.44PM, iter: 058, cost: 0.017072
01/26/17 - 01:18.46PM, iter: 059, cost: 0.016983
01/26/17 - 01:18.48PM, iter: 060, cost: 0.016951
01/26/17 - 01:18.49PM, iter: 061, cost: 0.016901
01/26/17 - 01:18.51PM, iter: 062, cost: 0.016905
01/26/17 - 01:18.52PM, iter: 063, cost: 0.016863
01/26/17 - 01:18.54PM, iter: 064, cost: 0.016843
01/26/17 - 01:18.56PM, iter: 065, cost: 0.016800
01/26/17 - 01:18.57PM, iter: 066, cost: 0.016779
01/26/17 - 01:18.59PM, iter: 067, cost: 0.016691
01/26/17 - 01:19.01PM, iter: 068, cost: 0.016674
01/26/17 - 01:19.02PM, iter: 069, cost: 0.016660
01/26/17 - 01:19.04PM, iter: 070, cost: 0.016611
01/26/17 - 01:19.05PM, iter: 071, cost: 0.016580
01/26/17 - 01:19.07PM, iter: 072, cost: 0.016562
01/26/17 - 01:19.09PM, iter: 073, cost: 0.016532
01/26/17 - 01:19.10PM, iter: 074, cost: 0.016520
01/26/17 - 01:19.12PM, iter: 075, cost: 0.016477
01/26/17 - 01:19.13PM, iter: 076, cost: 0.016435
01/26/17 - 01:19.15PM, iter: 077, cost: 0.016423
01/26/17 - 01:19.17PM, iter: 078, cost: 0.016396
01/26/17 - 01:19.18PM, iter: 079, cost: 0.016379
01/26/17 - 01:19.20PM, iter: 080, cost: 0.016342
01/26/17 - 01:19.21PM, iter: 081, cost: 0.016343
01/26/17 - 01:19.23PM, iter: 082, cost: 0.016313
01/26/17 - 01:19.25PM, iter: 083, cost: 0.016298
01/26/17 - 01:19.26PM, iter: 084, cost: 0.016242
01/26/17 - 01:19.28PM, iter: 085, cost: 0.016221
01/26/17 - 01:19.30PM, iter: 086, cost: 0.016290
01/26/17 - 01:19.31PM, iter: 087, cost: 0.016225
01/26/17 - 01:19.33PM, iter: 088, cost: 0.016143
01/26/17 - 01:19.35PM, iter: 089, cost: 0.016085
01/26/17 - 01:19.36PM, iter: 090, cost: 0.016092
01/26/17 - 01:19.38PM, iter: 091, cost: 0.016060
01/26/17 - 01:19.39PM, iter: 092, cost: 0.016104
01/26/17 - 01:19.41PM, iter: 093, cost: 0.016023
01/26/17 - 01:19.43PM, iter: 094, cost: 0.016014
01/26/17 - 01:19.44PM, iter: 095, cost: 0.015982
01/26/17 - 01:19.46PM, iter: 096, cost: 0.015981
01/26/17 - 01:19.47PM, iter: 097, cost: 0.015954
01/26/17 - 01:19.49PM, iter: 098, cost: 0.015934
01/26/17 - 01:19.51PM, iter: 099, cost: 0.015928
01/26/17 - 01:19.52PM, iter: 100, cost: 0.015891
01/26/17 - 01:19.54PM, iter: 101, cost: 0.015855
01/26/17 - 01:19.55PM, iter: 102, cost: 0.015851
01/26/17 - 01:19.57PM, iter: 103, cost: 0.015818
01/26/17 - 01:19.59PM, iter: 104, cost: 0.015808
01/26/17 - 01:20.00PM, iter: 105, cost: 0.015800
01/26/17 - 01:20.02PM, iter: 106, cost: 0.015767
01/26/17 - 01:20.03PM, iter: 107, cost: 0.015748
01/26/17 - 01:20.05PM, iter: 108, cost: 0.015731
01/26/17 - 01:20.07PM, iter: 109, cost: 0.015760
01/26/17 - 01:20.08PM, iter: 110, cost: 0.015734
01/26/17 - 01:20.10PM, iter: 111, cost: 0.015705
01/26/17 - 01:20.12PM, iter: 112, cost: 0.015638
01/26/17 - 01:20.13PM, iter: 113, cost: 0.015661
01/26/17 - 01:20.15PM, iter: 114, cost: 0.015644
01/26/17 - 01:20.17PM, iter: 115, cost: 0.015587
01/26/17 - 01:20.18PM, iter: 116, cost: 0.015608
01/26/17 - 01:20.20PM, iter: 117, cost: 0.015597
01/26/17 - 01:20.21PM, iter: 118, cost: 0.015543
01/26/17 - 01:20.23PM, iter: 119, cost: 0.015570
01/26/17 - 01:20.25PM, iter: 120, cost: 0.015574
01/26/17 - 01:20.26PM, iter: 121, cost: 0.015528
01/26/17 - 01:20.28PM, iter: 122, cost: 0.015484
01/26/17 - 01:20.30PM, iter: 123, cost: 0.015475
01/26/17 - 01:20.31PM, iter: 124, cost: 0.015508
01/26/17 - 01:20.33PM, iter: 125, cost: 0.015473
01/26/17 - 01:20.35PM, iter: 126, cost: 0.015494
01/26/17 - 01:20.36PM, iter: 127, cost: 0.015482
01/26/17 - 01:20.38PM, iter: 128, cost: 0.015473
01/26/17 - 01:20.40PM, iter: 129, cost: 0.015396
01/26/17 - 01:20.41PM, iter: 130, cost: 0.015411
01/26/17 - 01:20.43PM, iter: 131, cost: 0.015367
01/26/17 - 01:20.45PM, iter: 132, cost: 0.015378
01/26/17 - 01:20.46PM, iter: 133, cost: 0.015374
01/26/17 - 01:20.48PM, iter: 134, cost: 0.015340
01/26/17 - 01:20.49PM, iter: 135, cost: 0.015308
01/26/17 - 01:20.51PM, iter: 136, cost: 0.015293
01/26/17 - 01:20.53PM, iter: 137, cost: 0.015286
01/26/17 - 01:20.54PM, iter: 138, cost: 0.015301
01/26/17 - 01:20.56PM, iter: 139, cost: 0.015286
01/26/17 - 01:20.58PM, iter: 140, cost: 0.015269
01/26/17 - 01:20.59PM, iter: 141, cost: 0.015236
01/26/17 - 01:21.01PM, iter: 142, cost: 0.015225
01/26/17 - 01:21.03PM, iter: 143, cost: 0.015211
01/26/17 - 01:21.04PM, iter: 144, cost: 0.015209
01/26/17 - 01:21.06PM, iter: 145, cost: 0.015211
01/26/17 - 01:21.07PM, iter: 146, cost: 0.015209
01/26/17 - 01:21.09PM, iter: 147, cost: 0.015196
01/26/17 - 01:21.11PM, iter: 148, cost: 0.015156
01/26/17 - 01:21.12PM, iter: 149, cost: 0.015152
01/26/17 - 01:21.14PM, iter: 150, cost: 0.015129
01/26/17 - 01:21.15PM, iter: 151, cost: 0.015122
01/26/17 - 01:21.17PM, iter: 152, cost: 0.015123
01/26/17 - 01:21.18PM, iter: 153, cost: 0.015123
01/26/17 - 01:21.20PM, iter: 154, cost: 0.015124
01/26/17 - 01:21.22PM, iter: 155, cost: 0.015107
01/26/17 - 01:21.23PM, iter: 156, cost: 0.015097
01/26/17 - 01:21.25PM, iter: 157, cost: 0.015085
01/26/17 - 01:21.26PM, iter: 158, cost: 0.015088
01/26/17 - 01:21.28PM, iter: 159, cost: 0.015069
01/26/17 - 01:21.29PM, iter: 160, cost: 0.015053
01/26/17 - 01:21.31PM, iter: 161, cost: 0.015048
01/26/17 - 01:21.33PM, iter: 162, cost: 0.015048
01/26/17 - 01:21.34PM, iter: 163, cost: 0.015029
01/26/17 - 01:21.36PM, iter: 164, cost: 0.015034
01/26/17 - 01:21.37PM, iter: 165, cost: 0.015025
01/26/17 - 01:21.39PM, iter: 166, cost: 0.015000
01/26/17 - 01:21.41PM, iter: 167, cost: 0.014999
01/26/17 - 01:21.42PM, iter: 168, cost: 0.014986
01/26/17 - 01:21.44PM, iter: 169, cost: 0.014957
01/26/17 - 01:21.46PM, iter: 170, cost: 0.014973
01/26/17 - 01:21.47PM, iter: 171, cost: 0.014956
01/26/17 - 01:21.49PM, iter: 172, cost: 0.014948
01/26/17 - 01:21.50PM, iter: 173, cost: 0.014928
01/26/17 - 01:21.52PM, iter: 174, cost: 0.014935
01/26/17 - 01:21.54PM, iter: 175, cost: 0.014892
01/26/17 - 01:21.55PM, iter: 176, cost: 0.014887
01/26/17 - 01:21.57PM, iter: 177, cost: 0.014892
01/26/17 - 01:21.59PM, iter: 178, cost: 0.014902
01/26/17 - 01:22.00PM, iter: 179, cost: 0.014887
01/26/17 - 01:22.02PM, iter: 180, cost: 0.014869
01/26/17 - 01:22.04PM, iter: 181, cost: 0.014833
01/26/17 - 01:22.05PM, iter: 182, cost: 0.014823
01/26/17 - 01:22.07PM, iter: 183, cost: 0.014833
01/26/17 - 01:22.08PM, iter: 184, cost: 0.014814
01/26/17 - 01:22.10PM, iter: 185, cost: 0.014810
01/26/17 - 01:22.12PM, iter: 186, cost: 0.014811
01/26/17 - 01:22.13PM, iter: 187, cost: 0.014816
01/26/17 - 01:22.15PM, iter: 188, cost: 0.014806
01/26/17 - 01:22.16PM, iter: 189, cost: 0.014776
01/26/17 - 01:22.18PM, iter: 190, cost: 0.014745
01/26/17 - 01:22.20PM, iter: 191, cost: 0.014732
01/26/17 - 01:22.21PM, iter: 192, cost: 0.014749
01/26/17 - 01:22.23PM, iter: 193, cost: 0.014723
01/26/17 - 01:22.24PM, iter: 194, cost: 0.014726
01/26/17 - 01:22.26PM, iter: 195, cost: 0.014720
01/26/17 - 01:22.28PM, iter: 196, cost: 0.014714
01/26/17 - 01:22.29PM, iter: 197, cost: 0.014701
01/26/17 - 01:22.31PM, iter: 198, cost: 0.014700
01/26/17 - 01:22.32PM, iter: 199, cost: 0.014698
01/26/17 - 01:22.34PM, iter: 200, cost: 0.014691
